<?xml version="1.0" encoding="UTF-8" ?>
<testsuite errors="0" failures="0" hostname="bosCla" name="uk.bos.app.tribal.PersonSpec" tests="3" time="1.321" timestamp="2015-06-20T16:52:48">
  <properties />
  <testcase classname="uk.bos.app.tribal.PersonSpec" name="Person&apos;s name or surname cannot be null or blank" time="1.205" />
  <testcase classname="uk.bos.app.tribal.PersonSpec" name="Person&apos;s name or surname cannot have more than 50 chars" time="0.036" />
  <testcase classname="uk.bos.app.tribal.PersonSpec" name="Person must have position" time="0.041" />
  <system-out><![CDATA[--Output from Person's name or surname cannot be null or blank--
--Output from Person's name or surname cannot have more than 50 chars--
--Output from Person must have position--
]]></system-out>
  <system-err><![CDATA[--Output from Person's name or surname cannot be null or blank--
--Output from Person's name or surname cannot have more than 50 chars--
--Output from Person must have position--
]]></system-err>
</testsuite>
