<?xml version="1.0" encoding="UTF-8" ?>
<testsuite errors="0" failures="0" hostname="bosCla" name="uk.bos.app.tribal.PersonControllerSpec" tests="2" time="4.756" timestamp="2015-06-20T16:52:43">
  <properties />
  <testcase classname="uk.bos.app.tribal.PersonControllerSpec" name="Delete person from existing project" time="4.626" />
  <testcase classname="uk.bos.app.tribal.PersonControllerSpec" name="Delete person from non-existing project" time="0.034" />
  <system-out><![CDATA[--Output from Delete person from existing project--
--Output from Delete person from non-existing project--
]]></system-out>
  <system-err><![CDATA[--Output from Delete person from existing project--
--Output from Delete person from non-existing project--
]]></system-err>
</testsuite>
